[2m2026-07-04T10:00:00Z[0m INFO  build starting, target=release
[2m2026-07-04T10:00:00Z[0m INFO  compiling module pkg/000 ok (0ms)
[2m2026-07-04T10:00:01Z[0m INFO  compiling module pkg/001 ok (7ms)
[2m2026-07-04T10:00:02Z[0m INFO  compiling module pkg/002 ok (14ms)
[2m2026-07-04T10:00:03Z[0m INFO  compiling module pkg/003 ok (21ms)
[2m2026-07-04T10:00:04Z[0m INFO  compiling module pkg/004 ok (28ms)
[2m2026-07-04T10:00:05Z[0m INFO  compiling module pkg/005 ok (35ms)
[2m2026-07-04T10:00:06Z[0m INFO  compiling module pkg/006 ok (42ms)
[2m2026-07-04T10:00:07Z[0m INFO  compiling module pkg/007 ok (49ms)
[2m2026-07-04T10:00:08Z[0m INFO  compiling module pkg/008 ok (56ms)
[2m2026-07-04T10:00:09Z[0m INFO  compiling module pkg/009 ok (63ms)
[2m2026-07-04T10:00:10Z[0m INFO  compiling module pkg/010 ok (70ms)
[2m2026-07-04T10:00:11Z[0m INFO  compiling module pkg/011 ok (77ms)
[2m2026-07-04T10:00:12Z[0m INFO  compiling module pkg/012 ok (84ms)
[2m2026-07-04T10:00:13Z[0m INFO  compiling module pkg/013 ok (91ms)
[2m2026-07-04T10:00:14Z[0m INFO  compiling module pkg/014 ok (98ms)
[2m2026-07-04T10:00:15Z[0m INFO  compiling module pkg/015 ok (105ms)
[2m2026-07-04T10:00:16Z[0m INFO  compiling module pkg/016 ok (112ms)
[2m2026-07-04T10:00:17Z[0m INFO  compiling module pkg/017 ok (119ms)
[2m2026-07-04T10:00:18Z[0m INFO  compiling module pkg/018 ok (126ms)
[2m2026-07-04T10:00:19Z[0m INFO  compiling module pkg/019 ok (133ms)
[2m2026-07-04T10:00:20Z[0m INFO  compiling module pkg/020 ok (140ms)
[2m2026-07-04T10:00:21Z[0m INFO  compiling module pkg/021 ok (147ms)
[2m2026-07-04T10:00:22Z[0m INFO  compiling module pkg/022 ok (154ms)
[2m2026-07-04T10:00:23Z[0m INFO  compiling module pkg/023 ok (161ms)
[2m2026-07-04T10:00:24Z[0m INFO  compiling module pkg/024 ok (168ms)
[2m2026-07-04T10:00:25Z[0m INFO  compiling module pkg/025 ok (175ms)
[2m2026-07-04T10:00:26Z[0m INFO  compiling module pkg/026 ok (182ms)
[2m2026-07-04T10:00:27Z[0m INFO  compiling module pkg/027 ok (189ms)
[2m2026-07-04T10:00:28Z[0m INFO  compiling module pkg/028 ok (196ms)
[2m2026-07-04T10:00:29Z[0m INFO  compiling module pkg/029 ok (203ms)
[2m2026-07-04T10:00:30Z[0m INFO  compiling module pkg/030 ok (210ms)
[2m2026-07-04T10:00:31Z[0m INFO  compiling module pkg/031 ok (217ms)
[2m2026-07-04T10:00:32Z[0m INFO  compiling module pkg/032 ok (224ms)
[2m2026-07-04T10:00:33Z[0m INFO  compiling module pkg/033 ok (231ms)
[2m2026-07-04T10:00:34Z[0m INFO  compiling module pkg/034 ok (238ms)
[2m2026-07-04T10:00:35Z[0m INFO  compiling module pkg/035 ok (245ms)
[2m2026-07-04T10:00:36Z[0m INFO  compiling module pkg/036 ok (252ms)
[2m2026-07-04T10:00:37Z[0m INFO  compiling module pkg/037 ok (259ms)
[2m2026-07-04T10:00:38Z[0m INFO  compiling module pkg/038 ok (266ms)
[2m2026-07-04T10:00:39Z[0m INFO  compiling module pkg/039 ok (273ms)
[2m2026-07-04T10:00:40Z[0m INFO  compiling module pkg/040 ok (280ms)
[2m2026-07-04T10:00:41Z[0m INFO  compiling module pkg/041 ok (287ms)
[2m2026-07-04T10:00:42Z[0m INFO  compiling module pkg/042 ok (294ms)
[2m2026-07-04T10:00:43Z[0m INFO  compiling module pkg/043 ok (301ms)
[2m2026-07-04T10:00:44Z[0m INFO  compiling module pkg/044 ok (308ms)
[2m2026-07-04T10:00:45Z[0m INFO  compiling module pkg/045 ok (315ms)
[2m2026-07-04T10:00:46Z[0m INFO  compiling module pkg/046 ok (322ms)
[2m2026-07-04T10:00:47Z[0m INFO  compiling module pkg/047 ok (329ms)
[2m2026-07-04T10:00:48Z[0m INFO  compiling module pkg/048 ok (336ms)
[2m2026-07-04T10:00:49Z[0m INFO  compiling module pkg/049 ok (343ms)
[2m2026-07-04T10:00:50Z[0m INFO  compiling module pkg/050 ok (350ms)
[2m2026-07-04T10:00:51Z[0m INFO  compiling module pkg/051 ok (357ms)
[2m2026-07-04T10:00:52Z[0m INFO  compiling module pkg/052 ok (364ms)
[2m2026-07-04T10:00:53Z[0m INFO  compiling module pkg/053 ok (371ms)
[2m2026-07-04T10:00:54Z[0m INFO  compiling module pkg/054 ok (378ms)
[2m2026-07-04T10:00:55Z[0m INFO  compiling module pkg/055 ok (385ms)
[2m2026-07-04T10:00:56Z[0m INFO  compiling module pkg/056 ok (392ms)
[2m2026-07-04T10:00:57Z[0m INFO  compiling module pkg/057 ok (399ms)
[2m2026-07-04T10:00:58Z[0m INFO  compiling module pkg/058 ok (406ms)
[31m2026-07-04T10:00:41Z ERROR migrate failed: relation "users" does not exist[0m
[2m2026-07-04T10:00:59Z[0m INFO  compiling module pkg/059 ok (413ms)
[2m2026-07-04T10:00:00Z[0m INFO  compiling module pkg/060 ok (420ms)
[2m2026-07-04T10:00:01Z[0m INFO  compiling module pkg/061 ok (427ms)
[2m2026-07-04T10:00:02Z[0m INFO  compiling module pkg/062 ok (434ms)
[2m2026-07-04T10:00:03Z[0m INFO  compiling module pkg/063 ok (441ms)
[2m2026-07-04T10:00:04Z[0m INFO  compiling module pkg/064 ok (448ms)
[2m2026-07-04T10:00:05Z[0m INFO  compiling module pkg/065 ok (455ms)
[2m2026-07-04T10:00:06Z[0m INFO  compiling module pkg/066 ok (462ms)
[2m2026-07-04T10:00:07Z[0m INFO  compiling module pkg/067 ok (469ms)
[2m2026-07-04T10:00:08Z[0m INFO  compiling module pkg/068 ok (476ms)
[2m2026-07-04T10:00:09Z[0m INFO  compiling module pkg/069 ok (483ms)
[2m2026-07-04T10:00:10Z[0m INFO  compiling module pkg/070 ok (490ms)
[2m2026-07-04T10:00:11Z[0m INFO  compiling module pkg/071 ok (497ms)
[2m2026-07-04T10:00:12Z[0m INFO  compiling module pkg/072 ok (504ms)
[2m2026-07-04T10:00:13Z[0m INFO  compiling module pkg/073 ok (511ms)
[2m2026-07-04T10:00:14Z[0m INFO  compiling module pkg/074 ok (518ms)
[2m2026-07-04T10:00:15Z[0m INFO  compiling module pkg/075 ok (525ms)
[2m2026-07-04T10:00:16Z[0m INFO  compiling module pkg/076 ok (532ms)
[2m2026-07-04T10:00:17Z[0m INFO  compiling module pkg/077 ok (539ms)
[2m2026-07-04T10:00:18Z[0m INFO  compiling module pkg/078 ok (546ms)
[2m2026-07-04T10:00:19Z[0m INFO  compiling module pkg/079 ok (553ms)
[2m2026-07-04T10:00:20Z[0m INFO  compiling module pkg/080 ok (560ms)
[2m2026-07-04T10:00:21Z[0m INFO  compiling module pkg/081 ok (567ms)
[2m2026-07-04T10:00:22Z[0m INFO  compiling module pkg/082 ok (574ms)
[2m2026-07-04T10:00:23Z[0m INFO  compiling module pkg/083 ok (581ms)
[2m2026-07-04T10:00:24Z[0m INFO  compiling module pkg/084 ok (588ms)
[2m2026-07-04T10:00:25Z[0m INFO  compiling module pkg/085 ok (595ms)
[2m2026-07-04T10:00:26Z[0m INFO  compiling module pkg/086 ok (602ms)
[2m2026-07-04T10:00:27Z[0m INFO  compiling module pkg/087 ok (609ms)
[2m2026-07-04T10:00:28Z[0m INFO  compiling module pkg/088 ok (616ms)
[2m2026-07-04T10:00:29Z[0m INFO  compiling module pkg/089 ok (623ms)
[2m2026-07-04T10:00:30Z[0m INFO  compiling module pkg/090 ok (630ms)
[2m2026-07-04T10:00:31Z[0m INFO  compiling module pkg/091 ok (637ms)
[2m2026-07-04T10:00:32Z[0m INFO  compiling module pkg/092 ok (644ms)
[2m2026-07-04T10:00:33Z[0m INFO  compiling module pkg/093 ok (651ms)
[2m2026-07-04T10:00:34Z[0m INFO  compiling module pkg/094 ok (658ms)
[2m2026-07-04T10:00:35Z[0m INFO  compiling module pkg/095 ok (665ms)
[2m2026-07-04T10:00:36Z[0m INFO  compiling module pkg/096 ok (672ms)
[2m2026-07-04T10:00:37Z[0m INFO  compiling module pkg/097 ok (679ms)
[2m2026-07-04T10:00:38Z[0m INFO  compiling module pkg/098 ok (686ms)
[2m2026-07-04T10:00:39Z[0m INFO  compiling module pkg/099 ok (693ms)
[2m2026-07-04T10:00:40Z[0m INFO  compiling module pkg/100 ok (700ms)
[2m2026-07-04T10:00:41Z[0m INFO  compiling module pkg/101 ok (707ms)
[2m2026-07-04T10:00:42Z[0m INFO  compiling module pkg/102 ok (714ms)
[2m2026-07-04T10:00:43Z[0m INFO  compiling module pkg/103 ok (721ms)
[2m2026-07-04T10:00:44Z[0m INFO  compiling module pkg/104 ok (728ms)
[2m2026-07-04T10:00:45Z[0m INFO  compiling module pkg/105 ok (735ms)
[2m2026-07-04T10:00:46Z[0m INFO  compiling module pkg/106 ok (742ms)
[2m2026-07-04T10:00:47Z[0m INFO  compiling module pkg/107 ok (749ms)
[2m2026-07-04T10:00:48Z[0m INFO  compiling module pkg/108 ok (756ms)
[2m2026-07-04T10:00:49Z[0m INFO  compiling module pkg/109 ok (763ms)
[2m2026-07-04T10:00:50Z[0m INFO  compiling module pkg/110 ok (770ms)
[2m2026-07-04T10:00:51Z[0m INFO  compiling module pkg/111 ok (777ms)
[2m2026-07-04T10:00:52Z[0m INFO  compiling module pkg/112 ok (784ms)
[2m2026-07-04T10:00:53Z[0m INFO  compiling module pkg/113 ok (791ms)
[2m2026-07-04T10:00:54Z[0m INFO  compiling module pkg/114 ok (798ms)
[2m2026-07-04T10:00:55Z[0m INFO  compiling module pkg/115 ok (805ms)
[2m2026-07-04T10:00:56Z[0m INFO  compiling module pkg/116 ok (812ms)
[2m2026-07-04T10:00:57Z[0m INFO  compiling module pkg/117 ok (819ms)
[2m2026-07-04T10:00:58Z[0m INFO  compiling module pkg/118 ok (826ms)
[2m2026-07-04T10:00:59Z[0m INFO  compiling module pkg/119 ok (833ms)
[2m2026-07-04T10:00:00Z[0m INFO  compiling module pkg/120 ok (840ms)
[2m2026-07-04T10:00:01Z[0m INFO  compiling module pkg/121 ok (847ms)
[2m2026-07-04T10:00:02Z[0m INFO  compiling module pkg/122 ok (854ms)
[2m2026-07-04T10:00:03Z[0m INFO  compiling module pkg/123 ok (861ms)
[2m2026-07-04T10:00:04Z[0m INFO  compiling module pkg/124 ok (868ms)
[2m2026-07-04T10:00:05Z[0m INFO  compiling module pkg/125 ok (875ms)
[2m2026-07-04T10:00:06Z[0m INFO  compiling module pkg/126 ok (882ms)
[2m2026-07-04T10:00:07Z[0m INFO  compiling module pkg/127 ok (889ms)
[2m2026-07-04T10:00:08Z[0m INFO  compiling module pkg/128 ok (896ms)
[2m2026-07-04T10:00:09Z[0m INFO  compiling module pkg/129 ok (903ms)
[2m2026-07-04T10:00:10Z[0m INFO  compiling module pkg/130 ok (910ms)
[2m2026-07-04T10:00:11Z[0m INFO  compiling module pkg/131 ok (917ms)
[2m2026-07-04T10:00:12Z[0m INFO  compiling module pkg/132 ok (924ms)
[2m2026-07-04T10:00:13Z[0m INFO  compiling module pkg/133 ok (931ms)
[2m2026-07-04T10:00:14Z[0m INFO  compiling module pkg/134 ok (938ms)
[2m2026-07-04T10:00:15Z[0m INFO  compiling module pkg/135 ok (945ms)
[2m2026-07-04T10:00:16Z[0m INFO  compiling module pkg/136 ok (952ms)
[2m2026-07-04T10:00:17Z[0m INFO  compiling module pkg/137 ok (959ms)
[2m2026-07-04T10:00:18Z[0m INFO  compiling module pkg/138 ok (966ms)
[2m2026-07-04T10:00:19Z[0m INFO  compiling module pkg/139 ok (973ms)
[31m2026-07-04T10:02:19Z ERROR shutdown: connection reset by peer[0m
2026-07-04T10:02:20Z INFO  144 ok, 2 errors
